<?xml version="1.0" encoding="UTF-8"?>
<!-- Generated by org.testng.reporters.JUnitXMLReporter -->
<testsuite hostname="DESKTOP-R960KRP" ignored="0" name="Simple Test" tests="5" failures="0" timestamp="2020-01-30T23:35:57 ART" time="98.496" errors="0">
  <testcase name="TC0001NavigationTecnologia" time="6.508" classname="web.TC0001_Navigation_Tecnologia"/>
  <testcase name="TC0002NavigationHogaryElectro" time="5.248" classname="web.TC0002_Navigation_HogaryElectro"/>
  <testcase name="TC0003NavigationHerramientaseIndustria" time="4.613" classname="web.TC0003_Navigation_HerramientaseIndustria"/>
  <testcase name="TC0004NavigationCuartosDelBebe" time="4.938" classname="web.TC0004_Navigation_JuguetesyBebes"/>
  <testcase name="TC0001NavigationTecnologia" time="13.321" classname="web.TC0005_Navigation_TitleAndPriceComparison"/>
</testsuite> <!-- Simple Test -->
